2022-09-04 20:18:51,467 [main] INFO QA Enginerr = Faisal - User able to open any browsers\\.$
2022-09-04 20:18:51,478 [main] INFO QA Enginerr = Faisal - User able to open chrome browser
2022-09-04 20:18:51,708 [main] INFO io.github.bonigarcia.wdm.WebDriverManager - Using chromedriver 105.0.5195.52 (since Google Chrome 105 is installed in your machine)
2022-09-04 20:18:51,747 [main] INFO io.github.bonigarcia.wdm.WebDriverManager - Exporting webdriver.chrome.driver as C:\Users\mohammad\.m2\repository\webdriver\chromedriver\win32\105.0.5195.52\chromedriver.exe
2022-09-04 20:18:57,476 [main] INFO QA Enginerr = Faisal - User able enter \"([^\"]*)\" URL$
2022-09-04 20:19:02,760 [main] INFO QA Enginerr = Faisal - ^user able to click sign in button$
2022-09-04 20:19:05,207 [main] INFO QA Enginerr = Faisal - ^User able to enter username$
2022-09-04 20:19:05,208 [main] INFO QA Enginerr = Faisal - ^User able to enter password$
2022-09-04 20:19:05,723 [main] INFO QA Enginerr = Faisal - User able to click login in button
2022-09-04 20:19:06,152 [main] INFO QA Enginerr = Faisal - User able to verify the user information {string} on the UI and LogOut
2022-09-04 20:21:32,382 [main] INFO QA Enginerr = Faisal - User able to open any browsers\\.$
2022-09-04 20:21:32,393 [main] INFO QA Enginerr = Faisal - User able to open chrome browser
2022-09-04 20:21:32,730 [main] INFO io.github.bonigarcia.wdm.WebDriverManager - Using chromedriver 105.0.5195.52 (since Google Chrome 105 is installed in your machine)
2022-09-04 20:21:32,780 [main] INFO io.github.bonigarcia.wdm.WebDriverManager - Exporting webdriver.chrome.driver as C:\Users\mohammad\.m2\repository\webdriver\chromedriver\win32\105.0.5195.52\chromedriver.exe
2022-09-04 20:21:37,525 [main] INFO QA Enginerr = Faisal - User able enter \"([^\"]*)\" URL$
2022-09-04 20:21:42,123 [main] INFO QA Enginerr = Faisal - ^user able to click sign in button$
2022-09-04 20:21:44,991 [main] INFO QA Enginerr = Faisal - ^User able to enter username$
2022-09-04 20:21:44,992 [main] INFO QA Enginerr = Faisal - ^User able to enter password$
2022-09-04 20:21:45,709 [main] INFO QA Enginerr = Faisal - User able to click login in button
2022-09-04 20:21:46,186 [main] INFO QA Enginerr = Faisal - User able to verify the user information {string} on the UI and LogOut
